Added Component: Designator=D1(0603_LED)
Add component. Clean all parameters for all variants
Add component (AddParameter): Name = "LatestRevisionDate"; Value = "17-Jul-2002"; VariantName = "[No Variations]"
Add component (AddParameter): Name = "LatestRevisionNote"; Value = "Re-released for DXP Platform."; VariantName = "[No Variations]"
Add component (AddParameter): Name = "PackageDescription"; Value = "SM LED; 2 Flat Leads"; VariantName = "[No Variations]"
Add component (AddParameter): Name = "PackageReference"; Value = "3.2X1.6X1.1"; VariantName = "[No Variations]"
Add component (AddParameter): Name = "PackageVersion"; Value = "Feb-2002"; VariantName = "[No Variations]"
Add component (AddParameter): Name = "Published"; Value = "8-Jun-2000"; VariantName = "[No Variations]"
Add component (AddParameter): Name = "Publisher"; Value = "Altium Limited"; VariantName = "[No Variations]"
Added Component: Designator=D2(0603_LED)
Add component. Clean all parameters for all variants
Add component (AddParameter): Name = "LatestRevisionDate"; Value = "17-Jul-2002"; VariantName = "[No Variations]"
Add component (AddParameter): Name = "LatestRevisionNote"; Value = "Re-released for DXP Platform."; VariantName = "[No Variations]"
Add component (AddParameter): Name = "PackageDescription"; Value = "SM LED; 2 Flat Leads"; VariantName = "[No Variations]"
Add component (AddParameter): Name = "PackageReference"; Value = "3.2X1.6X1.1"; VariantName = "[No Variations]"
Add component (AddParameter): Name = "PackageVersion"; Value = "Feb-2002"; VariantName = "[No Variations]"
Add component (AddParameter): Name = "Published"; Value = "8-Jun-2000"; VariantName = "[No Variations]"
Add component (AddParameter): Name = "Publisher"; Value = "Altium Limited"; VariantName = "[No Variations]"
Added Component: Designator=J3(MICRO_USB)
Add component. Clean all parameters for all variants
Added Component: Designator=J?(HEADER_3x1)
Add component. Clean all parameters for all variants
Add component (AddParameter): Name = "LatestRevisionDate"; Value = "17-Jul-2002"; VariantName = "[No Variations]"
Add component (AddParameter): Name = "LatestRevisionNote"; Value = "Re-released for DXP Platform."; VariantName = "[No Variations]"
Add component (AddParameter): Name = "Publisher"; Value = "Altium Limited"; VariantName = "[No Variations]"
Added Component: Designator=J?(HEADER_6x1)
Add component. Clean all parameters for all variants
Add component (AddParameter): Name = "LatestRevisionDate"; Value = "17-Jul-2002"; VariantName = "[No Variations]"
Add component (AddParameter): Name = "LatestRevisionNote"; Value = "Re-released for DXP Platform."; VariantName = "[No Variations]"
Add component (AddParameter): Name = "Publisher"; Value = "Altium Limited"; VariantName = "[No Variations]"
Added Component: Designator=J?(HEADER_3x1)
Add component. Clean all parameters for all variants
Add component (AddParameter): Name = "LatestRevisionDate"; Value = "17-Jul-2002"; VariantName = "[No Variations]"
Add component (AddParameter): Name = "LatestRevisionNote"; Value = "Re-released for DXP Platform."; VariantName = "[No Variations]"
Add component (AddParameter): Name = "Publisher"; Value = "Altium Limited"; VariantName = "[No Variations]"
Added Component: Designator=logo(LOGO_MUSELAB)
Add component. Clean all parameters for all variants
Added Component: Designator=R4(0603_R)
Add component. Clean all parameters for all variants
Add component (AddParameter): Name = "LatestRevisionDate"; Value = "17-Jul-2002"; VariantName = "[No Variations]"
Add component (AddParameter): Name = "LatestRevisionNote"; Value = "Re-released for DXP Platform."; VariantName = "[No Variations]"
Add component (AddParameter): Name = "PackageDescription"; Value = "Axial Device, Thru-Hole; 2 Leads; 0.3 in Pin Spacing"; VariantName = "[No Variations]"
Add component (AddParameter): Name = "PackageReference"; Value = "AXIAL-0.3"; VariantName = "[No Variations]"
Add component (AddParameter): Name = "Published"; Value = "8-Jun-2000"; VariantName = "[No Variations]"
Add component (AddParameter): Name = "Publisher"; Value = "Altium Limited"; VariantName = "[No Variations]"
Add component (AddParameter): Name = "Value"; Value = "1K"; VariantName = "[No Variations]"
Added Component: Designator=R5(0603_R)
Add component. Clean all parameters for all variants
Add component (AddParameter): Name = "LatestRevisionDate"; Value = "17-Jul-2002"; VariantName = "[No Variations]"
Add component (AddParameter): Name = "LatestRevisionNote"; Value = "Re-released for DXP Platform."; VariantName = "[No Variations]"
Add component (AddParameter): Name = "PackageDescription"; Value = "Axial Device, Thru-Hole; 2 Leads; 0.3 in Pin Spacing"; VariantName = "[No Variations]"
Add component (AddParameter): Name = "PackageReference"; Value = "AXIAL-0.3"; VariantName = "[No Variations]"
Add component (AddParameter): Name = "Published"; Value = "8-Jun-2000"; VariantName = "[No Variations]"
Add component (AddParameter): Name = "Publisher"; Value = "Altium Limited"; VariantName = "[No Variations]"
Add component (AddParameter): Name = "Value"; Value = "1K"; VariantName = "[No Variations]"
Added Component: Designator=U?(SOP16)
Add component. Clean all parameters for all variants
Added Pin To Net: NetName=5V_USB Pin=D1-1
Added Pin To Net: NetName=NetD1_2 Pin=D1-2
Added Pin To Net: NetName=5V_USB Pin=D2-1
Added Pin To Net: NetName=NetD2_2 Pin=D2-2
Added Pin To Net: NetName=5V_USB Pin=J3-1
Added Pin To Net: NetName=USB_N Pin=J3-2
Added Pin To Net: NetName=USB_P Pin=J3-3
Added Pin To Net: NetName=GND Pin=J3-5
Added Pin To Net: NetName=GND Pin=J3-6
Added Pin To Net: NetName=GND Pin=J3-7
Added Pin To Net: NetName=GND Pin=J3-8
Added Pin To Net: NetName=GND Pin=J3-9
Added Pin To Net: NetName=3V3 Pin=J?-1
Added Pin To Net: NetName=5V_USB Pin=J?-1
Added Pin To Net: NetName=GND Pin=J?-1
Added Pin To Net: NetName=GND Pin=J?-3
Added Pin To Net: NetName=GND Pin=J?-3
Added Pin To Net: NetName=NetD1_2 Pin=R4-2
Added Pin To Net: NetName=NetD2_2 Pin=R5-2
Added Pin To Net: NetName=3V3 Pin=U?-6
Added Pin To Net: NetName=USB_P Pin=U?-12
Added Pin To Net: NetName=USB_N Pin=U?-13
Added Pin To Net: NetName=GND Pin=U?-14
Added Pin To Net: NetName=5V_USB Pin=U?-15
Added Pin To Net: NetName=3V3 Pin=U?-16
Added Pin To Net: NetName=P1.1 Pin=U?-9
Added Net: Name=P1.1
Added Pin To Net: NetName=P1.4 Pin=J?-3
Added Pin To Net: NetName=P1.4 Pin=U?-2
Added Net: Name=P1.4
Added Pin To Net: NetName=P1.5 Pin=J?-4
Added Pin To Net: NetName=P1.5 Pin=U?-3
Added Net: Name=P1.5
Added Pin To Net: NetName=P1.6 Pin=J?-5
Added Pin To Net: NetName=P1.6 Pin=U?-4
Added Net: Name=P1.6
Added Pin To Net: NetName=P1.7 Pin=J?-6
Added Pin To Net: NetName=P1.7 Pin=U?-5
Added Net: Name=P1.7
Added Pin To Net: NetName=P3.0 Pin=J?-2
Added Pin To Net: NetName=P3.0 Pin=U?-8
Added Net: Name=P3.0
Added Pin To Net: NetName=P3.1 Pin=J?-2
Added Pin To Net: NetName=P3.1 Pin=U?-7
Added Net: Name=P3.1
Added Pin To Net: NetName=P3.2 Pin=J?-2
Added Pin To Net: NetName=P3.2 Pin=U?-1
Added Net: Name=P3.2
Added Pin To Net: NetName=P3.3 Pin=R5-1
Added Pin To Net: NetName=P3.3 Pin=U?-10
Added Net: Name=P3.3
Added Pin To Net: NetName=P3.4 Pin=R4-1
Added Pin To Net: NetName=P3.4 Pin=U?-11
Added Net: Name=P3.4
Added Class: Name=ch55x
