Change Component DesignItemId : Designator=LOGO Old DesignItemId= New DesignItemId=logo
Change Component Library : Designator=LOGO Old Library= New Library=nanoSTM32.SCHLIB
Added Component: Designator=U1(LQFP48_N)
Added Pin To Net: NetName=3V3 Pin=U1-1
Added Pin To Net: NetName=PC13 Pin=U1-2
Added Pin To Net: NetName=PC14 Pin=U1-3
Added Pin To Net: NetName=PC15 Pin=U1-4
Added Pin To Net: NetName=NetC1_1 Pin=U1-5
Added Pin To Net: NetName=NetC2_1 Pin=U1-6
Added Pin To Net: NetName=NRST Pin=U1-7
Added Pin To Net: NetName=GND Pin=U1-8
Added Pin To Net: NetName=3V3 Pin=U1-9
Added Pin To Net: NetName=PA0 Pin=U1-10
Added Pin To Net: NetName=PA1 Pin=U1-11
Added Pin To Net: NetName=PA2 Pin=U1-12
Added Pin To Net: NetName=PA3 Pin=U1-13
Added Pin To Net: NetName=PA4 Pin=U1-14
Added Pin To Net: NetName=PA5 Pin=U1-15
Added Pin To Net: NetName=PA6 Pin=U1-16
Added Pin To Net: NetName=PA7 Pin=U1-17
Added Pin To Net: NetName=PB0 Pin=U1-18
Added Pin To Net: NetName=PB1 Pin=U1-19
Added Pin To Net: NetName=BOOT1 Pin=U1-20
Added Pin To Net: NetName=PB10 Pin=U1-21
Added Pin To Net: NetName=PB11 Pin=U1-22
Added Pin To Net: NetName=GND Pin=U1-23
Added Pin To Net: NetName=3V3 Pin=U1-24
Added Pin To Net: NetName=PB12 Pin=U1-25
Added Pin To Net: NetName=PB13 Pin=U1-26
Added Pin To Net: NetName=PB14 Pin=U1-27
Added Pin To Net: NetName=PB15 Pin=U1-28
Added Pin To Net: NetName=PA8 Pin=U1-29
Added Pin To Net: NetName=PA9 Pin=U1-30
Added Pin To Net: NetName=PA10 Pin=U1-31
Added Pin To Net: NetName=USB_N Pin=U1-32
Added Pin To Net: NetName=USB_P Pin=U1-33
Added Pin To Net: NetName=SWDIO Pin=U1-34
Added Pin To Net: NetName=GND Pin=U1-35
Added Pin To Net: NetName=3V3 Pin=U1-36
Added Pin To Net: NetName=SWCLK Pin=U1-37
Added Pin To Net: NetName=PA15 Pin=U1-38
Added Pin To Net: NetName=PB3 Pin=U1-39
Added Pin To Net: NetName=PB4 Pin=U1-40
Added Pin To Net: NetName=PB5 Pin=U1-41
Added Pin To Net: NetName=PB6 Pin=U1-42
Added Pin To Net: NetName=PB7 Pin=U1-43
Added Pin To Net: NetName=BOOT0 Pin=U1-44
Added Pin To Net: NetName=PB8 Pin=U1-45
Added Pin To Net: NetName=PB9 Pin=U1-46
Added Pin To Net: NetName=GND Pin=U1-47
Added Pin To Net: NetName=3V3 Pin=U1-48
Added Member To Class: ClassName=nanoSTM32 Member=Component logo
Added Member To Class: ClassName=nanoSTM32 Member=Component U1 STM32F103C8T6
Added Room: Name=nanoSTM32
